TN:
SF:src/app.ts
FNF:0
FNH:0
DA:1,1
DA:2,1
DA:4,1
DA:6,1
DA:8,1
LF:5
LH:5
BRF:0
BRH:0
end_of_record
TN:
SF:src/libs/meli.ts
FN:5,(anonymous_1)
FN:6,(anonymous_3)
FN:10,(anonymous_4)
FN:16,(anonymous_5)
FNF:4
FNH:4
FNDA:2,(anonymous_1)
FNDA:1,(anonymous_3)
FNDA:5,(anonymous_4)
FNDA:3,(anonymous_5)
DA:2,2
DA:3,2
DA:5,2
DA:6,2
DA:7,1
DA:10,2
DA:11,5
DA:12,2
DA:15,3
DA:17,3
DA:18,3
DA:21,2
LF:12
LH:12
BRDA:7,0,0,1
BRDA:7,0,1,0
BRDA:11,1,0,2
BRDA:11,1,1,3
BRF:4
BRH:3
end_of_record
TN:
SF:src/libs/requests.ts
FN:4,(anonymous_1)
FN:7,(anonymous_3)
FN:11,(anonymous_4)
FN:14,(anonymous_5)
FN:16,(anonymous_6)
FN:24,(anonymous_7)
FN:27,(anonymous_8)
FN:29,(anonymous_9)
FN:37,(anonymous_10)
FNF:9
FNH:9
FNDA:3,(anonymous_1)
FNDA:1,(anonymous_3)
FNDA:5,(anonymous_4)
FNDA:3,(anonymous_5)
FNDA:2,(anonymous_6)
FNDA:3,(anonymous_7)
FNDA:1,(anonymous_8)
FNDA:2,(anonymous_9)
FNDA:1,(anonymous_10)
DA:1,3
DA:2,3
DA:4,3
DA:7,3
DA:8,1
DA:11,3
DA:12,5
DA:15,3
DA:17,2
DA:18,1
DA:20,1
DA:24,3
DA:25,3
DA:28,1
DA:30,2
DA:31,1
DA:33,1
DA:37,3
DA:38,3
LF:19
LH:19
BRDA:17,0,0,1
BRDA:17,0,1,1
BRDA:30,1,0,1
BRDA:30,1,1,1
BRF:4
BRH:4
end_of_record
TN:
SF:src/libs/utils.ts
FNF:0
FNH:0
DA:1,1
LF:1
LH:1
BRF:0
BRH:0
end_of_record
TN:
SF:src/models/error.ts
FN:1,(anonymous_0)
FN:7,CustomError
FNF:2
FNH:2
FNDA:4,(anonymous_0)
FNDA:6,CustomError
DA:1,4
DA:8,6
DA:9,6
DA:10,6
DA:11,6
DA:13,4
LF:6
LH:6
BRDA:11,0,0,6
BRDA:11,0,1,2
BRF:2
BRH:2
end_of_record
TN:
SF:src/routes/items.ts
FN:11,(anonymous_1)
FN:23,(anonymous_2)
FN:27,(anonymous_3)
FN:28,(anonymous_4)
FN:37,(anonymous_5)
FN:40,(anonymous_6)
FNF:6
FNH:6
FNDA:4,(anonymous_1)
FNDA:2,(anonymous_2)
FNDA:1,(anonymous_3)
FNDA:4,(anonymous_4)
FNDA:2,(anonymous_5)
FNDA:1,(anonymous_6)
DA:1,1
DA:3,1
DA:4,1
DA:7,1
DA:9,1
DA:11,1
DA:12,4
DA:14,4
DA:15,1
DA:22,3
DA:24,2
DA:25,2
DA:27,1
DA:28,4
DA:38,2
DA:41,1
DA:42,1
DA:46,1
LF:18
LH:18
BRDA:14,0,0,1
BRDA:14,0,1,3
BRDA:14,1,0,4
BRDA:14,1,1,3
BRDA:41,2,0,0
BRDA:41,2,1,1
BRF:6
BRH:5
end_of_record
